<?xml version="1.0" encoding="UTF-8" standalone="yes"?>
<testsuites name="Register New Account" time="222" tests="0" failures="1" errors="0">
    <testsuite name="Register New Account" tests="0" failures="1" errors="0" time="222" timestamp="2020-02-16 10:15:34" hostname="Fhadel Fadillah - USER" id="Test Suites/Register New Account">
        <properties>
            <property name="deviceName" value="Xiaomi POCOPHONE F1 (Android 9)"/>
            <property name="devicePlatform" value=""/>
            <property name="logFolder" value="C:\\Users\\Fhadel Fadillah\\Katalon Studio\\AssesmentHCI\\Reports\\20200216_101530\\Register New Account\\20200216_101530"/>
            <property name="logFiles" value="C:\\Users\\Fhadel Fadillah\\Katalon Studio\\AssesmentHCI\\Reports\\20200216_101530\\Register New Account\\20200216_101530\\appium.log, C:\\Users\\Fhadel Fadillah\\Katalon Studio\\AssesmentHCI\\Reports\\20200216_101530\\Register New Account\\20200216_101530\\execution0.log"/>
            <property name="attachments" value="C:\\Users\\Fhadel Fadillah\\Katalon Studio\\AssesmentHCI\\Reports\\20200216_101530\\Register New Account\\20200216_101530\\1581822992694.png, C:\\Users\\Fhadel Fadillah\\Katalon Studio\\AssesmentHCI\\Reports\\20200216_101530\\Register New Account\\20200216_101530\\1581823102547.png, C:\\Users\\Fhadel Fadillah\\Katalon Studio\\AssesmentHCI\\Reports\\20200216_101530\\Register New Account\\20200216_101530\\1581823143686.png, C:\\Users\\Fhadel Fadillah\\Katalon Studio\\AssesmentHCI\\Reports\\20200216_101530\\Register New Account\\20200216_101530\\1581823150707.png, C:\\Users\\Fhadel Fadillah\\Katalon Studio\\AssesmentHCI\\Reports\\20200216_101530\\Register New Account\\20200216_101530\\1581823155135.png, C:\\Users\\Fhadel Fadillah\\Katalon Studio\\AssesmentHCI\\Reports\\20200216_101530\\Register New Account\\20200216_101530\\1581823156180.png"/>
            <property name="hostName" value="Fhadel Fadillah - USER"/>
            <property name="os" value="Windows 10 64bit"/>
            <property name="appiumServerStatus" value="{\&quot;value\&quot;:{\&quot;build\&quot;:{\&quot;version\&quot;:\&quot;1.8.1\&quot;,\&quot;revision\&quot;:null}}}"/>
            <property name="katalonVersion" value="6.3.3.11"/>
            <property name="deviceOS" value="Android"/>
            <property name="appiumVersion" value="1.8.1"/>
            <property name="deviceModel" value="POCOPHONE F1"/>
            <property name="hostAddress" value="192.168.0.17"/>
            <property name="deviceManufacturer" value="Xiaomi"/>
            <property name="deviceId" value="32d5d90b"/>
            <property name="deviceName" value="Xiaomi POCOPHONE F1 (Android 9)"/>
            <property name="deviceOSVersion" value="9"/>
        </properties>
        <testcase name="Test Cases/TC01 - Register New Account" classname="Test Cases/TC01 - Register New Account" status="FAILED">
            <failure type="FAILED" message="Test Cases/TC01 - Register New Account FAILED.&#xA;Reason:&#xA;com.kms.katalon.core.exception.StepFailedException: Element 'Object Repository/HomePage/HomePage_ImageLogoHCI' not found&#xD;&#xA;&#x9;at com.kms.katalon.core.keyword.internal.KeywordMain.stepFailed(KeywordMain.groovy:50)&#xD;&#xA;&#x9;at com.kms.katalon.core.mobile.keyword.internal.MobileKeywordMain.stepFailed(MobileKeywordMain.groovy:40)&#xD;&#xA;&#x9;at com.kms.katalon.core.mobile.keyword.builtin.VerifyElementVisibleKeyword$_verifyElementVisible_closure1.doCall(VerifyElementVisibleKeyword.groovy:82)&#xD;&#xA;&#x9;at com.kms.katalon.core.mobile.keyword.builtin.VerifyElementVisibleKeyword$_verifyElementVisible_closure1.call(VerifyElementVisibleKeyword.groovy)&#xD;&#xA;&#x9;at com.kms.katalon.core.mobile.keyword.internal.MobileKeywordMain.runKeyword(MobileKeywordMain.groovy:21)&#xD;&#xA;&#x9;at com.kms.katalon.core.mobile.keyword.builtin.VerifyElementVisibleKeyword.verifyElementVisible(VerifyElementVisibleKeyword.groovy:85)&#xD;&#xA;&#x9;at com.kms.katalon.core.mobile.keyword.builtin.VerifyElementVisibleKeyword.execute(VerifyElementVisibleKeyword.groovy:64)&#xD;&#xA;&#x9;at com.kms.katalon.core.keyword.internal.KeywordExecutor.executeKeywordForPlatform(KeywordExecutor.groovy:56)&#xD;&#xA;&#x9;at com.kms.katalon.core.mobile.keyword.MobileBuiltInKeywords.verifyElementVisible(MobileBuiltInKeywords.groovy:932)&#xD;&#xA;&#x9;at com.kms.katalon.core.mobile.keyword.MobileBuiltInKeywords$verifyElementVisible$1.call(Unknown Source)&#xD;&#xA;&#x9;at TC01 - Register New Account.run(TC01 - Register New Account:85)&#xD;&#xA;&#x9;at com.kms.katalon.core.main.ScriptEngine.run(ScriptEngine.java:194)&#xD;&#xA;&#x9;at com.kms.katalon.core.main.ScriptEngine.runScriptAsRawText(ScriptEngine.java:119)&#xD;&#xA;&#x9;at com.kms.katalon.core.main.TestCaseExecutor.runScript(TestCaseExecutor.java:337)&#xD;&#xA;&#x9;at com.kms.katalon.core.main.TestCaseExecutor.doExecute(TestCaseExecutor.java:328)&#xD;&#xA;&#x9;at com.kms.katalon.core.main.TestCaseExecutor.processExecutionPhase(TestCaseExecutor.java:307)&#xD;&#xA;&#x9;at com.kms.katalon.core.main.TestCaseExecutor.accessMainPhase(TestCaseExecutor.java:299)&#xD;&#xA;&#x9;at com.kms.katalon.core.main.TestCaseExecutor.execute(TestCaseExecutor.java:233)&#xD;&#xA;&#x9;at com.kms.katalon.core.main.TestSuiteExecutor.accessTestCaseMainPhase(TestSuiteExecutor.java:169)&#xD;&#xA;&#x9;at com.kms.katalon.core.main.TestSuiteExecutor.accessTestSuiteMainPhase(TestSuiteExecutor.java:142)&#xD;&#xA;&#x9;at com.kms.katalon.core.main.TestSuiteExecutor.execute(TestSuiteExecutor.java:91)&#xD;&#xA;&#x9;at com.kms.katalon.core.main.TestCaseMain.startTestSuite(TestCaseMain.java:157)&#xD;&#xA;&#x9;at com.kms.katalon.core.main.TestCaseMain$startTestSuite$0.call(Unknown Source)&#xD;&#xA;&#x9;at TempTestSuite1581822930133.run(TempTestSuite1581822930133.groovy:35)&#xD;&#xA;"/>
            <system-out>2020-02-16 10:15:34 - [TEST_CASE][FAILED] - Test Cases/TC01 - Register New Account: Test Cases/TC01 - Register New Account FAILED.
Reason:
com.kms.katalon.core.exception.StepFailedException: Element 'Object Repository/HomePage/HomePage_ImageLogoHCI' not found&#xD;
	at com.kms.katalon.core.keyword.internal.KeywordMain.stepFailed(KeywordMain.groovy:50)&#xD;
	at com.kms.katalon.core.mobile.keyword.internal.MobileKeywordMain.stepFailed(MobileKeywordMain.groovy:40)&#xD;
	at com.kms.katalon.core.mobile.keyword.builtin.VerifyElementVisibleKeyword$_verifyElementVisible_closure1.doCall(VerifyElementVisibleKeyword.groovy:82)&#xD;
	at com.kms.katalon.core.mobile.keyword.builtin.VerifyElementVisibleKeyword$_verifyElementVisible_closure1.call(VerifyElementVisibleKeyword.groovy)&#xD;
	at com.kms.katalon.core.mobile.keyword.internal.MobileKeywordMain.runKeyword(MobileKeywordMain.groovy:21)&#xD;
	at com.kms.katalon.core.mobile.keyword.builtin.VerifyElementVisibleKeyword.verifyElementVisible(VerifyElementVisibleKeyword.groovy:85)&#xD;
	at com.kms.katalon.core.mobile.keyword.builtin.VerifyElementVisibleKeyword.execute(VerifyElementVisibleKeyword.groovy:64)&#xD;
	at com.kms.katalon.core.keyword.internal.KeywordExecutor.executeKeywordForPlatform(KeywordExecutor.groovy:56)&#xD;
	at com.kms.katalon.core.mobile.keyword.MobileBuiltInKeywords.verifyElementVisible(MobileBuiltInKeywords.groovy:932)&#xD;
	at com.kms.katalon.core.mobile.keyword.MobileBuiltInKeywords$verifyElementVisible$1.call(Unknown Source)&#xD;
	at TC01 - Register New Account.run(TC01 - Register New Account:85)&#xD;
	at com.kms.katalon.core.main.ScriptEngine.run(ScriptEngine.java:194)&#xD;
	at com.kms.katalon.core.main.ScriptEngine.runScriptAsRawText(ScriptEngine.java:119)&#xD;
	at com.kms.katalon.core.main.TestCaseExecutor.runScript(TestCaseExecutor.java:337)&#xD;
	at com.kms.katalon.core.main.TestCaseExecutor.doExecute(TestCaseExecutor.java:328)&#xD;
	at com.kms.katalon.core.main.TestCaseExecutor.processExecutionPhase(TestCaseExecutor.java:307)&#xD;
	at com.kms.katalon.core.main.TestCaseExecutor.accessMainPhase(TestCaseExecutor.java:299)&#xD;
	at com.kms.katalon.core.main.TestCaseExecutor.execute(TestCaseExecutor.java:233)&#xD;
	at com.kms.katalon.core.main.TestSuiteExecutor.accessTestCaseMainPhase(TestSuiteExecutor.java:169)&#xD;
	at com.kms.katalon.core.main.TestSuiteExecutor.accessTestSuiteMainPhase(TestSuiteExecutor.java:142)&#xD;
	at com.kms.katalon.core.main.TestSuiteExecutor.execute(TestSuiteExecutor.java:91)&#xD;
	at com.kms.katalon.core.main.TestCaseMain.startTestSuite(TestCaseMain.java:157)&#xD;
	at com.kms.katalon.core.main.TestCaseMain$startTestSuite$0.call(Unknown Source)&#xD;
	at TempTestSuite1581822930133.run(TempTestSuite1581822930133.groovy:35)&#xD;
&#xD;
&#xD;
2020-02-16 10:15:35 - [TEST_STEP][PASSED] - log = new com.kms.katalon.core.logging.KeywordLogger(): null&#xD;
&#xD;
2020-02-16 10:15:35 - [TEST_STEP][PASSED] - log.logInfo("Starting Application My Home Credit"): Starting Application My Home Credit&#xD;
&#xD;
2020-02-16 10:15:35 - [MESSAGE][INFO] - Starting Application My Home Credit&#xD;
&#xD;
2020-02-16 10:15:35 - [TEST_STEP][PASSED] - startExistingApplication("id.co.myhomecredit"): Starting app with application ID: 'id.co.myhomecredit'&#xD;
&#xD;
2020-02-16 10:15:35 - [MESSAGE][INFO] - User set preference: ['autoGrantPermissions', 'true']&#xD;
&#xD;
2020-02-16 10:15:35 - [MESSAGE][INFO] - User set preference: ['deviceId', '32d5d90b']&#xD;
&#xD;
2020-02-16 10:15:41 - [MESSAGE][INFO] - Appium server started on port 63,124&#xD;
&#xD;
2020-02-16 10:16:05 - [MESSAGE][PASSED] - Starting app with application ID: 'id.co.myhomecredit'&#xD;
&#xD;
2020-02-16 10:16:05 - [TEST_STEP][PASSED] - delay(5): Delayed 5 second(s)&#xD;
&#xD;
2020-02-16 10:16:10 - [MESSAGE][PASSED] - Delayed 5 second(s)&#xD;
&#xD;
2020-02-16 10:16:10 - [TEST_STEP][PASSED] - log.logInfo("Swiping until Daftar Button is Displayed"): Swiping until Daftar Button is Displayed&#xD;
&#xD;
2020-02-16 10:16:10 - [MESSAGE][INFO] - Swiping until Daftar Button is Displayed&#xD;
&#xD;
2020-02-16 10:16:10 - [TEST_STEP][PASSED] - while (verifyElementNotExist(findTestObject("Object Repository/WelcomePage/WelcomePage_DaftarButton"), 5, OPTIONAL)): Element 'Object Repository/WelcomePage/WelcomePage_DaftarButton' is exist&#xD;
&#xD;
2020-02-16 10:16:16 - [MESSAGE][PASSED] - Element 'Object Repository/WelcomePage/WelcomePage_DaftarButton' not found&#xD;
&#xD;
2020-02-16 10:16:16 - [TEST_STEP][PASSED] - common.swipe.swipeLeft(900, 700, 100, 700): Element 'Object Repository/WelcomePage/WelcomePage_DaftarButton' not found&#xD;
&#xD;
2020-02-16 10:16:17 - [MESSAGE][PASSED] - common.swipe.swipeLeft is PASSED&#xD;
&#xD;
2020-02-16 10:16:23 - [MESSAGE][PASSED] - Element 'Object Repository/WelcomePage/WelcomePage_DaftarButton' not found&#xD;
&#xD;
2020-02-16 10:16:23 - [TEST_STEP][PASSED] - common.swipe.swipeLeft(900, 700, 100, 700): Element 'Object Repository/WelcomePage/WelcomePage_DaftarButton' not found&#xD;
&#xD;
2020-02-16 10:16:25 - [MESSAGE][PASSED] - common.swipe.swipeLeft is PASSED&#xD;
&#xD;
2020-02-16 10:16:30 - [MESSAGE][PASSED] - Element 'Object Repository/WelcomePage/WelcomePage_DaftarButton' not found&#xD;
&#xD;
2020-02-16 10:16:30 - [TEST_STEP][PASSED] - common.swipe.swipeLeft(900, 700, 100, 700): Element 'Object Repository/WelcomePage/WelcomePage_DaftarButton' is exist&#xD;
&#xD;
2020-02-16 10:16:32 - [MESSAGE][PASSED] - common.swipe.swipeLeft is PASSED&#xD;
&#xD;
2020-02-16 10:16:33 - [MESSAGE][WARNING] - Element 'Object Repository/WelcomePage/WelcomePage_DaftarButton' is exist&#xD;
[[ATTACHMENT|C:\\Users\\Fhadel Fadillah\\Katalon Studio\\AssesmentHCI\\Reports\\20200216_101530\\Register New Account\\20200216_101530\\1581822992694.png]]&#xD;
&#xD;
2020-02-16 10:16:33 - [TEST_STEP][PASSED] - verifyElementVisible(findTestObject("Object Repository/WelcomePage/WelcomePage_DaftarButton"), 5): Element 'Object Repository/WelcomePage/WelcomePage_DaftarButton' is visible&#xD;
&#xD;
2020-02-16 10:16:34 - [MESSAGE][PASSED] - Element 'Object Repository/WelcomePage/WelcomePage_DaftarButton' is visible&#xD;
&#xD;
2020-02-16 10:16:34 - [TEST_STEP][PASSED] - tap(findTestObject("Object Repository/WelcomePage/WelcomePage_DaftarButton"), 0): Tapped on element 'Object Repository/WelcomePage/WelcomePage_DaftarButton'&#xD;
&#xD;
2020-02-16 10:16:34 - [MESSAGE][WARNING] - Timeout '0' is invalid. Using default page load timeout: '60'&#xD;
&#xD;
2020-02-16 10:16:35 - [MESSAGE][PASSED] - Tapped on element 'Object Repository/WelcomePage/WelcomePage_DaftarButton'&#xD;
&#xD;
2020-02-16 10:16:35 - [TEST_STEP][PASSED] - verifyElementVisible(findTestObject("Object Repository/Common/By XPATH", ["xpath":"//*[contains(text(),"Tanggal Lahir")]"]), 2): Element 'Object Repository/Common/By XPATH' is visible&#xD;
&#xD;
2020-02-16 10:16:36 - [MESSAGE][PASSED] - Element 'Object Repository/Common/By XPATH' is visible&#xD;
&#xD;
2020-02-16 10:16:36 - [TEST_STEP][PASSED] - tap(findTestObject("Object Repository/Common/By XPATH", ["xpath":"//*[contains(text(),"Tanggal Lahir")]"]), 2): Tapped on element 'Object Repository/Common/By XPATH'&#xD;
&#xD;
2020-02-16 10:16:38 - [MESSAGE][PASSED] - Tapped on element 'Object Repository/Common/By XPATH'&#xD;
&#xD;
2020-02-16 10:16:38 - [TEST_STEP][PASSED] - common.calendar.selectDate("Jan 15 1995"): common.calendar.selectDate is PASSED&#xD;
&#xD;
2020-02-16 10:16:53 - [MESSAGE][PASSED] - Tapped on element 'Object Repository/Common/By ID'&#xD;
&#xD;
2020-02-16 10:16:53 - [MESSAGE][PASSED] - common.calendar.selectDate is PASSED&#xD;
&#xD;
2020-02-16 10:16:53 - [TEST_STEP][PASSED] - setText(findTestObject("Object Repository/Common/By ID", ["id":"id.co.myhomecredit:id/input_phone_no"]), "87864837354", 2): Text '87864837354' has been set to element 'Object Repository/Common/By ID'&#xD;
&#xD;
2020-02-16 10:16:55 - [MESSAGE][PASSED] - Text '87864837354' has been set to element 'Object Repository/Common/By ID'&#xD;
&#xD;
2020-02-16 10:16:55 - [TEST_STEP][PASSED] - setText(findTestObject("Object Repository/Common/By ID", ["id":"id.co.myhomecredit:id/setup_pin"]), "1212", 2): Text '1212' has been set to element 'Object Repository/Common/By ID'&#xD;
&#xD;
2020-02-16 10:16:57 - [MESSAGE][PASSED] - Text '1212' has been set to element 'Object Repository/Common/By ID'&#xD;
&#xD;
2020-02-16 10:16:57 - [TEST_STEP][PASSED] - setText(findTestObject("Object Repository/Common/By ID", ["id":"id.co.myhomecredit:id/confirm_pin"]), "1212", 2): Text '1212' has been set to element 'Object Repository/Common/By ID'&#xD;
&#xD;
2020-02-16 10:16:59 - [MESSAGE][PASSED] - Text '1212' has been set to element 'Object Repository/Common/By ID'&#xD;
&#xD;
2020-02-16 10:16:59 - [TEST_STEP][PASSED] - tap(findTestObject("Object Repository/Common/By ID", ["id":"id.co.myhomecredit:id/btn_next"]), 3): Tapped on element 'Object Repository/Common/By ID'&#xD;
&#xD;
2020-02-16 10:17:02 - [MESSAGE][PASSED] - Tapped on element 'Object Repository/Common/By ID'&#xD;
&#xD;
2020-02-16 10:17:02 - [TEST_STEP][PASSED] - delay(8): Delayed 8 second(s)&#xD;
&#xD;
2020-02-16 10:17:10 - [MESSAGE][PASSED] - Delayed 8 second(s)&#xD;
&#xD;
2020-02-16 10:17:10 - [TEST_STEP][PASSED] - log.logInfo("Scrolling to bottom page until button agree is clickable"): Scrolling to bottom page until button agree is clickable&#xD;
&#xD;
2020-02-16 10:17:10 - [MESSAGE][INFO] - Scrolling to bottom page until button agree is clickable&#xD;
&#xD;
2020-02-16 10:17:10 - [TEST_STEP][PASSED] - while (true): null&#xD;
&#xD;
2020-02-16 10:17:10 - [TEST_STEP][PASSED] - if (verifyElementAttributeValue(findTestObject("Object Repository/Common/By ID", ["id":"id.co.myhomecredit:id/agree_button"]), "enabled", "false", 3, OPTIONAL) == true): common.swipe.swipeUp is PASSED&#xD;
&#xD;
2020-02-16 10:17:11 - [MESSAGE][PASSED] - Object 'Object Repository/Common/By ID' has attribute 'enabled' with value 'false'&#xD;
&#xD;
2020-02-16 10:17:11 - [TEST_STEP][PASSED] - common.swipe.swipeUp(900, 1700, 900, 900): common.swipe.swipeUp is PASSED&#xD;
&#xD;
2020-02-16 10:17:13 - [MESSAGE][PASSED] - common.swipe.swipeUp is PASSED&#xD;
&#xD;
2020-02-16 10:17:13 - [TEST_STEP][PASSED] - if (verifyElementAttributeValue(findTestObject("Object Repository/Common/By ID", ["id":"id.co.myhomecredit:id/agree_button"]), "enabled", "false", 3, OPTIONAL) == true): common.swipe.swipeUp is PASSED&#xD;
&#xD;
2020-02-16 10:17:13 - [MESSAGE][PASSED] - Object 'Object Repository/Common/By ID' has attribute 'enabled' with value 'false'&#xD;
&#xD;
2020-02-16 10:17:13 - [TEST_STEP][PASSED] - common.swipe.swipeUp(900, 1700, 900, 900): common.swipe.swipeUp is PASSED&#xD;
&#xD;
2020-02-16 10:17:15 - [MESSAGE][PASSED] - common.swipe.swipeUp is PASSED&#xD;
&#xD;
2020-02-16 10:17:15 - [TEST_STEP][PASSED] - if (verifyElementAttributeValue(findTestObject("Object Repository/Common/By ID", ["id":"id.co.myhomecredit:id/agree_button"]), "enabled", "false", 3, OPTIONAL) == true): common.swipe.swipeUp is PASSED&#xD;
&#xD;
2020-02-16 10:17:16 - [MESSAGE][PASSED] - Object 'Object Repository/Common/By ID' has attribute 'enabled' with value 'false'&#xD;
&#xD;
2020-02-16 10:17:16 - [TEST_STEP][PASSED] - common.swipe.swipeUp(900, 1700, 900, 900): common.swipe.swipeUp is PASSED&#xD;
&#xD;
2020-02-16 10:17:17 - [MESSAGE][PASSED] - common.swipe.swipeUp is PASSED&#xD;
&#xD;
2020-02-16 10:17:17 - [TEST_STEP][PASSED] - if (verifyElementAttributeValue(findTestObject("Object Repository/Common/By ID", ["id":"id.co.myhomecredit:id/agree_button"]), "enabled", "false", 3, OPTIONAL) == true): common.swipe.swipeUp is PASSED&#xD;
&#xD;
2020-02-16 10:17:18 - [MESSAGE][PASSED] - Object 'Object Repository/Common/By ID' has attribute 'enabled' with value 'false'&#xD;
&#xD;
2020-02-16 10:17:18 - [TEST_STEP][PASSED] - common.swipe.swipeUp(900, 1700, 900, 900): common.swipe.swipeUp is PASSED&#xD;
&#xD;
2020-02-16 10:17:20 - [MESSAGE][PASSED] - common.swipe.swipeUp is PASSED&#xD;
&#xD;
2020-02-16 10:17:20 - [TEST_STEP][PASSED] - if (verifyElementAttributeValue(findTestObject("Object Repository/Common/By ID", ["id":"id.co.myhomecredit:id/agree_button"]), "enabled", "false", 3, OPTIONAL) == true): common.swipe.swipeUp is PASSED&#xD;
&#xD;
2020-02-16 10:17:21 - [MESSAGE][PASSED] - Object 'Object Repository/Common/By ID' has attribute 'enabled' with value 'false'&#xD;
&#xD;
2020-02-16 10:17:21 - [TEST_STEP][PASSED] - common.swipe.swipeUp(900, 1700, 900, 900): common.swipe.swipeUp is PASSED&#xD;
&#xD;
2020-02-16 10:17:22 - [MESSAGE][PASSED] - common.swipe.swipeUp is PASSED&#xD;
&#xD;
2020-02-16 10:17:22 - [TEST_STEP][PASSED] - if (verifyElementAttributeValue(findTestObject("Object Repository/Common/By ID", ["id":"id.co.myhomecredit:id/agree_button"]), "enabled", "false", 3, OPTIONAL) == true): common.swipe.swipeUp is PASSED&#xD;
&#xD;
2020-02-16 10:17:23 - [MESSAGE][PASSED] - Object 'Object Repository/Common/By ID' has attribute 'enabled' with value 'false'&#xD;
&#xD;
2020-02-16 10:17:23 - [TEST_STEP][PASSED] - common.swipe.swipeUp(900, 1700, 900, 900): common.swipe.swipeUp is PASSED&#xD;
&#xD;
2020-02-16 10:17:25 - [MESSAGE][PASSED] - common.swipe.swipeUp is PASSED&#xD;
&#xD;
2020-02-16 10:17:25 - [TEST_STEP][PASSED] - if (verifyElementAttributeValue(findTestObject("Object Repository/Common/By ID", ["id":"id.co.myhomecredit:id/agree_button"]), "enabled", "false", 3, OPTIONAL) == true): common.swipe.swipeUp is PASSED&#xD;
&#xD;
2020-02-16 10:17:25 - [MESSAGE][PASSED] - Object 'Object Repository/Common/By ID' has attribute 'enabled' with value 'false'&#xD;
&#xD;
2020-02-16 10:17:25 - [TEST_STEP][PASSED] - common.swipe.swipeUp(900, 1700, 900, 900): common.swipe.swipeUp is PASSED&#xD;
&#xD;
2020-02-16 10:17:27 - [MESSAGE][PASSED] - common.swipe.swipeUp is PASSED&#xD;
&#xD;
2020-02-16 10:17:27 - [TEST_STEP][PASSED] - if (verifyElementAttributeValue(findTestObject("Object Repository/Common/By ID", ["id":"id.co.myhomecredit:id/agree_button"]), "enabled", "false", 3, OPTIONAL) == true): common.swipe.swipeUp is PASSED&#xD;
&#xD;
2020-02-16 10:17:27 - [MESSAGE][PASSED] - Object 'Object Repository/Common/By ID' has attribute 'enabled' with value 'false'&#xD;
&#xD;
2020-02-16 10:17:27 - [TEST_STEP][PASSED] - common.swipe.swipeUp(900, 1700, 900, 900): common.swipe.swipeUp is PASSED&#xD;
&#xD;
2020-02-16 10:17:29 - [MESSAGE][PASSED] - common.swipe.swipeUp is PASSED&#xD;
&#xD;
2020-02-16 10:17:29 - [TEST_STEP][PASSED] - if (verifyElementAttributeValue(findTestObject("Object Repository/Common/By ID", ["id":"id.co.myhomecredit:id/agree_button"]), "enabled", "false", 3, OPTIONAL) == true): common.swipe.swipeUp is PASSED&#xD;
&#xD;
2020-02-16 10:17:29 - [MESSAGE][PASSED] - Object 'Object Repository/Common/By ID' has attribute 'enabled' with value 'false'&#xD;
&#xD;
2020-02-16 10:17:29 - [TEST_STEP][PASSED] - common.swipe.swipeUp(900, 1700, 900, 900): common.swipe.swipeUp is PASSED&#xD;
&#xD;
2020-02-16 10:17:31 - [MESSAGE][PASSED] - common.swipe.swipeUp is PASSED&#xD;
&#xD;
2020-02-16 10:17:31 - [TEST_STEP][PASSED] - if (verifyElementAttributeValue(findTestObject("Object Repository/Common/By ID", ["id":"id.co.myhomecredit:id/agree_button"]), "enabled", "false", 3, OPTIONAL) == true): common.swipe.swipeUp is PASSED&#xD;
&#xD;
2020-02-16 10:17:31 - [MESSAGE][PASSED] - Object 'Object Repository/Common/By ID' has attribute 'enabled' with value 'false'&#xD;
&#xD;
2020-02-16 10:17:31 - [TEST_STEP][PASSED] - common.swipe.swipeUp(900, 1700, 900, 900): common.swipe.swipeUp is PASSED&#xD;
&#xD;
2020-02-16 10:17:33 - [MESSAGE][PASSED] - common.swipe.swipeUp is PASSED&#xD;
&#xD;
2020-02-16 10:17:33 - [TEST_STEP][PASSED] - if (verifyElementAttributeValue(findTestObject("Object Repository/Common/By ID", ["id":"id.co.myhomecredit:id/agree_button"]), "enabled", "false", 3, OPTIONAL) == true): common.swipe.swipeUp is PASSED&#xD;
&#xD;
2020-02-16 10:17:34 - [MESSAGE][PASSED] - Object 'Object Repository/Common/By ID' has attribute 'enabled' with value 'false'&#xD;
&#xD;
2020-02-16 10:17:34 - [TEST_STEP][PASSED] - common.swipe.swipeUp(900, 1700, 900, 900): common.swipe.swipeUp is PASSED&#xD;
&#xD;
2020-02-16 10:17:35 - [MESSAGE][PASSED] - common.swipe.swipeUp is PASSED&#xD;
&#xD;
2020-02-16 10:17:35 - [TEST_STEP][PASSED] - if (verifyElementAttributeValue(findTestObject("Object Repository/Common/By ID", ["id":"id.co.myhomecredit:id/agree_button"]), "enabled", "false", 3, OPTIONAL) == true): common.swipe.swipeUp is PASSED&#xD;
&#xD;
2020-02-16 10:17:36 - [MESSAGE][PASSED] - Object 'Object Repository/Common/By ID' has attribute 'enabled' with value 'false'&#xD;
&#xD;
2020-02-16 10:17:36 - [TEST_STEP][PASSED] - common.swipe.swipeUp(900, 1700, 900, 900): common.swipe.swipeUp is PASSED&#xD;
&#xD;
2020-02-16 10:17:38 - [MESSAGE][PASSED] - common.swipe.swipeUp is PASSED&#xD;
&#xD;
2020-02-16 10:17:38 - [TEST_STEP][PASSED] - if (verifyElementAttributeValue(findTestObject("Object Repository/Common/By ID", ["id":"id.co.myhomecredit:id/agree_button"]), "enabled", "false", 3, OPTIONAL) == true): common.swipe.swipeUp is PASSED&#xD;
&#xD;
2020-02-16 10:17:38 - [MESSAGE][PASSED] - Object 'Object Repository/Common/By ID' has attribute 'enabled' with value 'false'&#xD;
&#xD;
2020-02-16 10:17:38 - [TEST_STEP][PASSED] - common.swipe.swipeUp(900, 1700, 900, 900): common.swipe.swipeUp is PASSED&#xD;
&#xD;
2020-02-16 10:17:40 - [MESSAGE][PASSED] - common.swipe.swipeUp is PASSED&#xD;
&#xD;
2020-02-16 10:17:40 - [TEST_STEP][PASSED] - if (verifyElementAttributeValue(findTestObject("Object Repository/Common/By ID", ["id":"id.co.myhomecredit:id/agree_button"]), "enabled", "false", 3, OPTIONAL) == true): common.swipe.swipeUp is PASSED&#xD;
&#xD;
2020-02-16 10:17:40 - [MESSAGE][PASSED] - Object 'Object Repository/Common/By ID' has attribute 'enabled' with value 'false'&#xD;
&#xD;
2020-02-16 10:17:40 - [TEST_STEP][PASSED] - common.swipe.swipeUp(900, 1700, 900, 900): common.swipe.swipeUp is PASSED&#xD;
&#xD;
2020-02-16 10:17:42 - [MESSAGE][PASSED] - common.swipe.swipeUp is PASSED&#xD;
&#xD;
2020-02-16 10:17:42 - [TEST_STEP][PASSED] - if (verifyElementAttributeValue(findTestObject("Object Repository/Common/By ID", ["id":"id.co.myhomecredit:id/agree_button"]), "enabled", "false", 3, OPTIONAL) == true): common.swipe.swipeUp is PASSED&#xD;
&#xD;
2020-02-16 10:17:43 - [MESSAGE][PASSED] - Object 'Object Repository/Common/By ID' has attribute 'enabled' with value 'false'&#xD;
&#xD;
2020-02-16 10:17:43 - [TEST_STEP][PASSED] - common.swipe.swipeUp(900, 1700, 900, 900): common.swipe.swipeUp is PASSED&#xD;
&#xD;
2020-02-16 10:17:44 - [MESSAGE][PASSED] - common.swipe.swipeUp is PASSED&#xD;
&#xD;
2020-02-16 10:17:44 - [TEST_STEP][PASSED] - if (verifyElementAttributeValue(findTestObject("Object Repository/Common/By ID", ["id":"id.co.myhomecredit:id/agree_button"]), "enabled", "false", 3, OPTIONAL) == true): common.swipe.swipeUp is PASSED&#xD;
&#xD;
2020-02-16 10:17:45 - [MESSAGE][PASSED] - Object 'Object Repository/Common/By ID' has attribute 'enabled' with value 'false'&#xD;
&#xD;
2020-02-16 10:17:45 - [TEST_STEP][PASSED] - common.swipe.swipeUp(900, 1700, 900, 900): common.swipe.swipeUp is PASSED&#xD;
&#xD;
2020-02-16 10:17:47 - [MESSAGE][PASSED] - common.swipe.swipeUp is PASSED&#xD;
&#xD;
2020-02-16 10:17:47 - [TEST_STEP][PASSED] - if (verifyElementAttributeValue(findTestObject("Object Repository/Common/By ID", ["id":"id.co.myhomecredit:id/agree_button"]), "enabled", "false", 3, OPTIONAL) == true): common.swipe.swipeUp is PASSED&#xD;
&#xD;
2020-02-16 10:17:47 - [MESSAGE][PASSED] - Object 'Object Repository/Common/By ID' has attribute 'enabled' with value 'false'&#xD;
&#xD;
2020-02-16 10:17:47 - [TEST_STEP][PASSED] - common.swipe.swipeUp(900, 1700, 900, 900): common.swipe.swipeUp is PASSED&#xD;
&#xD;
2020-02-16 10:17:49 - [MESSAGE][PASSED] - common.swipe.swipeUp is PASSED&#xD;
&#xD;
2020-02-16 10:17:49 - [TEST_STEP][PASSED] - if (verifyElementAttributeValue(findTestObject("Object Repository/Common/By ID", ["id":"id.co.myhomecredit:id/agree_button"]), "enabled", "false", 3, OPTIONAL) == true): common.swipe.swipeUp is PASSED&#xD;
&#xD;
2020-02-16 10:17:50 - [MESSAGE][PASSED] - Object 'Object Repository/Common/By ID' has attribute 'enabled' with value 'false'&#xD;
&#xD;
2020-02-16 10:17:50 - [TEST_STEP][PASSED] - common.swipe.swipeUp(900, 1700, 900, 900): common.swipe.swipeUp is PASSED&#xD;
&#xD;
2020-02-16 10:17:51 - [MESSAGE][PASSED] - common.swipe.swipeUp is PASSED&#xD;
&#xD;
2020-02-16 10:17:51 - [TEST_STEP][PASSED] - if (verifyElementAttributeValue(findTestObject("Object Repository/Common/By ID", ["id":"id.co.myhomecredit:id/agree_button"]), "enabled", "false", 3, OPTIONAL) == true): common.swipe.swipeUp is PASSED&#xD;
&#xD;
2020-02-16 10:17:52 - [MESSAGE][PASSED] - Object 'Object Repository/Common/By ID' has attribute 'enabled' with value 'false'&#xD;
&#xD;
2020-02-16 10:17:52 - [TEST_STEP][PASSED] - common.swipe.swipeUp(900, 1700, 900, 900): common.swipe.swipeUp is PASSED&#xD;
&#xD;
2020-02-16 10:17:54 - [MESSAGE][PASSED] - common.swipe.swipeUp is PASSED&#xD;
&#xD;
2020-02-16 10:17:54 - [TEST_STEP][PASSED] - if (verifyElementAttributeValue(findTestObject("Object Repository/Common/By ID", ["id":"id.co.myhomecredit:id/agree_button"]), "enabled", "false", 3, OPTIONAL) == true): common.swipe.swipeUp is PASSED&#xD;
&#xD;
2020-02-16 10:17:54 - [MESSAGE][PASSED] - Object 'Object Repository/Common/By ID' has attribute 'enabled' with value 'false'&#xD;
&#xD;
2020-02-16 10:17:54 - [TEST_STEP][PASSED] - common.swipe.swipeUp(900, 1700, 900, 900): common.swipe.swipeUp is PASSED&#xD;
&#xD;
2020-02-16 10:17:56 - [MESSAGE][PASSED] - common.swipe.swipeUp is PASSED&#xD;
&#xD;
2020-02-16 10:17:56 - [TEST_STEP][PASSED] - if (verifyElementAttributeValue(findTestObject("Object Repository/Common/By ID", ["id":"id.co.myhomecredit:id/agree_button"]), "enabled", "false", 3, OPTIONAL) == true): common.swipe.swipeUp is PASSED&#xD;
&#xD;
2020-02-16 10:17:56 - [MESSAGE][PASSED] - Object 'Object Repository/Common/By ID' has attribute 'enabled' with value 'false'&#xD;
&#xD;
2020-02-16 10:17:56 - [TEST_STEP][PASSED] - common.swipe.swipeUp(900, 1700, 900, 900): common.swipe.swipeUp is PASSED&#xD;
&#xD;
2020-02-16 10:17:58 - [MESSAGE][PASSED] - common.swipe.swipeUp is PASSED&#xD;
&#xD;
2020-02-16 10:17:58 - [TEST_STEP][PASSED] - if (verifyElementAttributeValue(findTestObject("Object Repository/Common/By ID", ["id":"id.co.myhomecredit:id/agree_button"]), "enabled", "false", 3, OPTIONAL) == true): common.swipe.swipeUp is PASSED&#xD;
&#xD;
2020-02-16 10:17:58 - [MESSAGE][PASSED] - Object 'Object Repository/Common/By ID' has attribute 'enabled' with value 'false'&#xD;
&#xD;
2020-02-16 10:17:58 - [TEST_STEP][PASSED] - common.swipe.swipeUp(900, 1700, 900, 900): common.swipe.swipeUp is PASSED&#xD;
&#xD;
2020-02-16 10:18:00 - [MESSAGE][PASSED] - common.swipe.swipeUp is PASSED&#xD;
&#xD;
2020-02-16 10:18:00 - [TEST_STEP][PASSED] - if (verifyElementAttributeValue(findTestObject("Object Repository/Common/By ID", ["id":"id.co.myhomecredit:id/agree_button"]), "enabled", "false", 3, OPTIONAL) == true): common.swipe.swipeUp is PASSED&#xD;
&#xD;
2020-02-16 10:18:00 - [MESSAGE][PASSED] - Object 'Object Repository/Common/By ID' has attribute 'enabled' with value 'false'&#xD;
&#xD;
2020-02-16 10:18:00 - [TEST_STEP][PASSED] - common.swipe.swipeUp(900, 1700, 900, 900): common.swipe.swipeUp is PASSED&#xD;
&#xD;
2020-02-16 10:18:02 - [MESSAGE][PASSED] - common.swipe.swipeUp is PASSED&#xD;
&#xD;
2020-02-16 10:18:02 - [TEST_STEP][PASSED] - if (verifyElementAttributeValue(findTestObject("Object Repository/Common/By ID", ["id":"id.co.myhomecredit:id/agree_button"]), "enabled", "false", 3, OPTIONAL) == true): common.swipe.swipeUp is PASSED&#xD;
&#xD;
2020-02-16 10:18:02 - [MESSAGE][PASSED] - Object 'Object Repository/Common/By ID' has attribute 'enabled' with value 'false'&#xD;
&#xD;
2020-02-16 10:18:02 - [TEST_STEP][PASSED] - common.swipe.swipeUp(900, 1700, 900, 900): common.swipe.swipeUp is PASSED&#xD;
&#xD;
2020-02-16 10:18:04 - [MESSAGE][PASSED] - common.swipe.swipeUp is PASSED&#xD;
&#xD;
2020-02-16 10:18:04 - [TEST_STEP][PASSED] - if (verifyElementAttributeValue(findTestObject("Object Repository/Common/By ID", ["id":"id.co.myhomecredit:id/agree_button"]), "enabled", "false", 3, OPTIONAL) == true): common.swipe.swipeUp is PASSED&#xD;
&#xD;
2020-02-16 10:18:05 - [MESSAGE][PASSED] - Object 'Object Repository/Common/By ID' has attribute 'enabled' with value 'false'&#xD;
&#xD;
2020-02-16 10:18:05 - [TEST_STEP][PASSED] - common.swipe.swipeUp(900, 1700, 900, 900): common.swipe.swipeUp is PASSED&#xD;
&#xD;
2020-02-16 10:18:06 - [MESSAGE][PASSED] - common.swipe.swipeUp is PASSED&#xD;
&#xD;
2020-02-16 10:18:06 - [TEST_STEP][PASSED] - if (verifyElementAttributeValue(findTestObject("Object Repository/Common/By ID", ["id":"id.co.myhomecredit:id/agree_button"]), "enabled", "false", 3, OPTIONAL) == true): common.swipe.swipeUp is PASSED&#xD;
&#xD;
2020-02-16 10:18:07 - [MESSAGE][PASSED] - Object 'Object Repository/Common/By ID' has attribute 'enabled' with value 'false'&#xD;
&#xD;
2020-02-16 10:18:07 - [TEST_STEP][PASSED] - common.swipe.swipeUp(900, 1700, 900, 900): common.swipe.swipeUp is PASSED&#xD;
&#xD;
2020-02-16 10:18:08 - [MESSAGE][PASSED] - common.swipe.swipeUp is PASSED&#xD;
&#xD;
2020-02-16 10:18:08 - [TEST_STEP][PASSED] - if (verifyElementAttributeValue(findTestObject("Object Repository/Common/By ID", ["id":"id.co.myhomecredit:id/agree_button"]), "enabled", "false", 3, OPTIONAL) == true): common.swipe.swipeUp is PASSED&#xD;
&#xD;
2020-02-16 10:18:09 - [MESSAGE][PASSED] - Object 'Object Repository/Common/By ID' has attribute 'enabled' with value 'false'&#xD;
&#xD;
2020-02-16 10:18:09 - [TEST_STEP][PASSED] - common.swipe.swipeUp(900, 1700, 900, 900): common.swipe.swipeUp is PASSED&#xD;
&#xD;
2020-02-16 10:18:11 - [MESSAGE][PASSED] - common.swipe.swipeUp is PASSED&#xD;
&#xD;
2020-02-16 10:18:11 - [TEST_STEP][PASSED] - if (verifyElementAttributeValue(findTestObject("Object Repository/Common/By ID", ["id":"id.co.myhomecredit:id/agree_button"]), "enabled", "false", 3, OPTIONAL) == true): common.swipe.swipeUp is PASSED&#xD;
&#xD;
2020-02-16 10:18:11 - [MESSAGE][PASSED] - Object 'Object Repository/Common/By ID' has attribute 'enabled' with value 'false'&#xD;
&#xD;
2020-02-16 10:18:11 - [TEST_STEP][PASSED] - common.swipe.swipeUp(900, 1700, 900, 900): common.swipe.swipeUp is PASSED&#xD;
&#xD;
2020-02-16 10:18:13 - [MESSAGE][PASSED] - common.swipe.swipeUp is PASSED&#xD;
&#xD;
2020-02-16 10:18:13 - [TEST_STEP][PASSED] - if (verifyElementAttributeValue(findTestObject("Object Repository/Common/By ID", ["id":"id.co.myhomecredit:id/agree_button"]), "enabled", "false", 3, OPTIONAL) == true): common.swipe.swipeUp is PASSED&#xD;
&#xD;
2020-02-16 10:18:13 - [MESSAGE][PASSED] - Object 'Object Repository/Common/By ID' has attribute 'enabled' with value 'false'&#xD;
&#xD;
2020-02-16 10:18:13 - [TEST_STEP][PASSED] - common.swipe.swipeUp(900, 1700, 900, 900): common.swipe.swipeUp is PASSED&#xD;
&#xD;
2020-02-16 10:18:15 - [MESSAGE][PASSED] - common.swipe.swipeUp is PASSED&#xD;
&#xD;
2020-02-16 10:18:15 - [TEST_STEP][PASSED] - if (verifyElementAttributeValue(findTestObject("Object Repository/Common/By ID", ["id":"id.co.myhomecredit:id/agree_button"]), "enabled", "false", 3, OPTIONAL) == true): common.swipe.swipeUp is PASSED&#xD;
&#xD;
2020-02-16 10:18:16 - [MESSAGE][PASSED] - Object 'Object Repository/Common/By ID' has attribute 'enabled' with value 'false'&#xD;
&#xD;
2020-02-16 10:18:16 - [TEST_STEP][PASSED] - common.swipe.swipeUp(900, 1700, 900, 900): common.swipe.swipeUp is PASSED&#xD;
&#xD;
2020-02-16 10:18:17 - [MESSAGE][PASSED] - common.swipe.swipeUp is PASSED&#xD;
&#xD;
2020-02-16 10:18:17 - [TEST_STEP][PASSED] - if (verifyElementAttributeValue(findTestObject("Object Repository/Common/By ID", ["id":"id.co.myhomecredit:id/agree_button"]), "enabled", "false", 3, OPTIONAL) == true): common.swipe.swipeUp is PASSED&#xD;
&#xD;
2020-02-16 10:18:18 - [MESSAGE][PASSED] - Object 'Object Repository/Common/By ID' has attribute 'enabled' with value 'false'&#xD;
&#xD;
2020-02-16 10:18:18 - [TEST_STEP][PASSED] - common.swipe.swipeUp(900, 1700, 900, 900): common.swipe.swipeUp is PASSED&#xD;
&#xD;
2020-02-16 10:18:20 - [MESSAGE][PASSED] - common.swipe.swipeUp is PASSED&#xD;
&#xD;
2020-02-16 10:18:20 - [TEST_STEP][PASSED] - if (verifyElementAttributeValue(findTestObject("Object Repository/Common/By ID", ["id":"id.co.myhomecredit:id/agree_button"]), "enabled", "false", 3, OPTIONAL) == true): common.swipe.swipeUp is PASSED&#xD;
&#xD;
2020-02-16 10:18:20 - [MESSAGE][PASSED] - Object 'Object Repository/Common/By ID' has attribute 'enabled' with value 'false'&#xD;
&#xD;
2020-02-16 10:18:20 - [TEST_STEP][PASSED] - common.swipe.swipeUp(900, 1700, 900, 900): common.swipe.swipeUp is PASSED&#xD;
&#xD;
2020-02-16 10:18:22 - [MESSAGE][PASSED] - common.swipe.swipeUp is PASSED&#xD;
&#xD;
2020-02-16 10:18:22 - [TEST_STEP][PASSED] - if (verifyElementAttributeValue(findTestObject("Object Repository/Common/By ID", ["id":"id.co.myhomecredit:id/agree_button"]), "enabled", "false", 3, OPTIONAL) == true): Object 'Object Repository/Common/By ID' has attribute 'enabled' with actual value 'true' instead of expected value 'false'&#xD;
&#xD;
2020-02-16 10:18:23 - [MESSAGE][WARNING] - Object 'Object Repository/Common/By ID' has attribute 'enabled' with actual value 'true' instead of expected value 'false'&#xD;
[[ATTACHMENT|C:\\Users\\Fhadel Fadillah\\Katalon Studio\\AssesmentHCI\\Reports\\20200216_101530\\Register New Account\\20200216_101530\\1581823102547.png]]&#xD;
&#xD;
2020-02-16 10:18:23 - [TEST_STEP][PASSED] - else: null&#xD;
&#xD;
2020-02-16 10:18:23 - [TEST_STEP][PASSED] - tap(findTestObject("Object Repository/Common/By ID", ["id":"id.co.myhomecredit:id/agree_button"]), 3): Tapped on element 'Object Repository/Common/By ID'&#xD;
&#xD;
2020-02-16 10:18:25 - [MESSAGE][PASSED] - Tapped on element 'Object Repository/Common/By ID'&#xD;
&#xD;
2020-02-16 10:18:25 - [TEST_STEP][PASSED] - break: null&#xD;
&#xD;
2020-02-16 10:18:25 - [TEST_STEP][PASSED] - log.logInfo("Waiting for OTP"): Waiting for OTP&#xD;
&#xD;
2020-02-16 10:18:25 - [MESSAGE][INFO] - Waiting for OTP&#xD;
&#xD;
2020-02-16 10:18:25 - [TEST_STEP][PASSED] - delay(20): Delayed 20 second(s)&#xD;
&#xD;
2020-02-16 10:18:45 - [MESSAGE][PASSED] - Delayed 20 second(s)&#xD;
&#xD;
2020-02-16 10:18:45 - [TEST_STEP][PASSED] - openNotifications(): Open notifications successfully&#xD;
&#xD;
2020-02-16 10:18:46 - [MESSAGE][PASSED] - Open notifications successfully&#xD;
&#xD;
2020-02-16 10:18:46 - [TEST_STEP][PASSED] - log.logInfo("Set OTP into textfield"): Set OTP into textfield&#xD;
&#xD;
2020-02-16 10:18:46 - [MESSAGE][INFO] - Set OTP into textfield&#xD;
&#xD;
2020-02-16 10:18:46 - [TEST_STEP][PASSED] - TextNotif = getText(findTestObject("NotificationText_OTP"), 5): Text of element 'Object Repository/NotificationText_OTP' is: '9 messages | Kode OTP untuk verifikasi anda adalah 9204. Berlaku hingga 10:23. Mohon gunakan kode ini untuk verifikasi.'&#xD;
&#xD;
2020-02-16 10:18:47 - [MESSAGE][PASSED] - Text of element 'Object Repository/NotificationText_OTP' is: '9 messages | Kode OTP untuk verifikasi anda adalah 9204. Berlaku hingga 10:23. Mohon gunakan kode ini untuk verifikasi.'&#xD;
&#xD;
2020-02-16 10:18:47 - [TEST_STEP][PASSED] - println(TextNotif.substring(51, 55)): null&#xD;
&#xD;
2020-02-16 10:18:47 - [TEST_STEP][PASSED] - delay(5): Delayed 5 second(s)&#xD;
&#xD;
2020-02-16 10:18:52 - [MESSAGE][PASSED] - Delayed 5 second(s)&#xD;
&#xD;
2020-02-16 10:18:52 - [TEST_STEP][PASSED] - closeNotifications(): Notification closed.&#xD;
&#xD;
2020-02-16 10:18:54 - [MESSAGE][PASSED] - Notification closed.&#xD;
&#xD;
2020-02-16 10:18:54 - [TEST_STEP][PASSED] - setText(findTestObject("Object Repository/Common/By ID", ["id":"id.co.myhomecredit:id/pin_et_input_otp"]), TextNotif.substring(51, 55), 5): Text '9204' has been set to element 'Object Repository/Common/By ID'&#xD;
&#xD;
2020-02-16 10:18:56 - [MESSAGE][PASSED] - Text '9204' has been set to element 'Object Repository/Common/By ID'&#xD;
&#xD;
2020-02-16 10:18:56 - [TEST_STEP][PASSED] - tap(findTestObject("Object Repository/Common/By ID", ["id":"id.co.myhomecredit:id/btn_next"]), 3): Tapped on element 'Object Repository/Common/By ID'&#xD;
&#xD;
2020-02-16 10:18:58 - [MESSAGE][PASSED] - Tapped on element 'Object Repository/Common/By ID'&#xD;
&#xD;
2020-02-16 10:18:58 - [TEST_STEP][PASSED] - delay(5): Delayed 5 second(s)&#xD;
&#xD;
2020-02-16 10:19:03 - [MESSAGE][PASSED] - Delayed 5 second(s)&#xD;
&#xD;
2020-02-16 10:19:03 - [TEST_STEP][PASSED] - takeScreenshot(): Screenshot is taken&#xD;
&#xD;
2020-02-16 10:19:04 - [MESSAGE][PASSED] - Screenshot is taken&#xD;
[[ATTACHMENT|C:\\Users\\Fhadel Fadillah\\Katalon Studio\\AssesmentHCI\\Reports\\20200216_101530\\Register New Account\\20200216_101530\\1581823143686.png]]&#xD;
&#xD;
2020-02-16 10:19:04 - [TEST_STEP][PASSED] - tap(findTestObject("Object Repository/Common/By ID", ["id":"android:id/button1"]), 1): Tapped on element 'Object Repository/Common/By ID'&#xD;
&#xD;
2020-02-16 10:19:07 - [MESSAGE][PASSED] - Tapped on element 'Object Repository/Common/By ID'&#xD;
&#xD;
2020-02-16 10:19:07 - [TEST_STEP][PASSED] - waitForElementPresent(findTestObject("Object Repository/HomePage/HomePage_ImageLogoHCI"), 3): Object Object Repository/HomePage/HomePage_ImageLogoHCI not found&#xD;
&#xD;
2020-02-16 10:19:10 - [MESSAGE][WARNING] - Object Object Repository/HomePage/HomePage_ImageLogoHCI not found&#xD;
&#xD;
2020-02-16 10:19:10 - [TEST_STEP][PASSED] - takeScreenshot(): Screenshot is taken&#xD;
&#xD;
2020-02-16 10:19:11 - [MESSAGE][PASSED] - Screenshot is taken&#xD;
[[ATTACHMENT|C:\\Users\\Fhadel Fadillah\\Katalon Studio\\AssesmentHCI\\Reports\\20200216_101530\\Register New Account\\20200216_101530\\1581823150707.png]]&#xD;
&#xD;
2020-02-16 10:19:11 - [TEST_STEP][FAILED] - verifyElementVisible(findTestObject("Object Repository/HomePage/HomePage_ImageLogoHCI"), 3): Failed to check for element 'Object Repository/HomePage/HomePage_ImageLogoHCI' visible (Root cause: com.kms.katalon.core.exception.StepFailedException: Element 'Object Repository/HomePage/HomePage_ImageLogoHCI' not found&#xD;
	at com.kms.katalon.core.keyword.internal.KeywordMain.stepFailed(KeywordMain.groovy:50)&#xD;
	at com.kms.katalon.core.mobile.keyword.internal.MobileKeywordMain.stepFailed(MobileKeywordMain.groovy:40)&#xD;
	at com.kms.katalon.core.mobile.keyword.builtin.VerifyElementVisibleKeyword$_verifyElementVisible_closure1.doCall(VerifyElementVisibleKeyword.groovy:82)&#xD;
	at com.kms.katalon.core.mobile.keyword.builtin.VerifyElementVisibleKeyword$_verifyElementVisible_closure1.call(VerifyElementVisibleKeyword.groovy)&#xD;
	at com.kms.katalon.core.mobile.keyword.internal.MobileKeywordMain.runKeyword(MobileKeywordMain.groovy:21)&#xD;
	at com.kms.katalon.core.mobile.keyword.builtin.VerifyElementVisibleKeyword.verifyElementVisible(VerifyElementVisibleKeyword.groovy:85)&#xD;
	at com.kms.katalon.core.mobile.keyword.builtin.VerifyElementVisibleKeyword.execute(VerifyElementVisibleKeyword.groovy:64)&#xD;
	at com.kms.katalon.core.keyword.internal.KeywordExecutor.executeKeywordForPlatform(KeywordExecutor.groovy:56)&#xD;
	at com.kms.katalon.core.mobile.keyword.MobileBuiltInKeywords.verifyElementVisible(MobileBuiltInKeywords.groovy:932)&#xD;
	at com.kms.katalon.core.mobile.keyword.MobileBuiltInKeywords$verifyElementVisible$1.call(Unknown Source)&#xD;
	at TC01 - Register New Account.run(TC01 - Register New Account:85)&#xD;
	at com.kms.katalon.core.main.ScriptEngine.run(ScriptEngine.java:194)&#xD;
	at com.kms.katalon.core.main.ScriptEngine.runScriptAsRawText(ScriptEngine.java:119)&#xD;
	at com.kms.katalon.core.main.TestCaseExecutor.runScript(TestCaseExecutor.java:337)&#xD;
	at com.kms.katalon.core.main.TestCaseExecutor.doExecute(TestCaseExecutor.java:328)&#xD;
	at com.kms.katalon.core.main.TestCaseExecutor.processExecutionPhase(TestCaseExecutor.java:307)&#xD;
	at com.kms.katalon.core.main.TestCaseExecutor.accessMainPhase(TestCaseExecutor.java:299)&#xD;
	at com.kms.katalon.core.main.TestCaseExecutor.execute(TestCaseExecutor.java:233)&#xD;
	at com.kms.katalon.core.main.TestSuiteExecutor.accessTestCaseMainPhase(TestSuiteExecutor.java:169)&#xD;
	at com.kms.katalon.core.main.TestSuiteExecutor.accessTestSuiteMainPhase(TestSuiteExecutor.java:142)&#xD;
	at com.kms.katalon.core.main.TestSuiteExecutor.execute(TestSuiteExecutor.java:91)&#xD;
	at com.kms.katalon.core.main.TestCaseMain.startTestSuite(TestCaseMain.java:157)&#xD;
	at com.kms.katalon.core.main.TestCaseMain$startTestSuite$0.call(Unknown Source)&#xD;
	at TempTestSuite1581822930133.run(TempTestSuite1581822930133.groovy:35)&#xD;
)&#xD;
&#xD;
2020-02-16 10:19:16 - [MESSAGE][FAILED] - Element 'Object Repository/HomePage/HomePage_ImageLogoHCI' not found&#xD;
[[ATTACHMENT|C:\\Users\\Fhadel Fadillah\\Katalon Studio\\AssesmentHCI\\Reports\\20200216_101530\\Register New Account\\20200216_101530\\1581823155135.png]]&#xD;
&#xD;
2020-02-16 10:19:17 - [MESSAGE][FAILED] - Failed to check for element 'Object Repository/HomePage/HomePage_ImageLogoHCI' visible (Root cause: com.kms.katalon.core.exception.StepFailedException: Element 'Object Repository/HomePage/HomePage_ImageLogoHCI' not found&#xD;
	at com.kms.katalon.core.keyword.internal.KeywordMain.stepFailed(KeywordMain.groovy:50)&#xD;
	at com.kms.katalon.core.mobile.keyword.internal.MobileKeywordMain.stepFailed(MobileKeywordMain.groovy:40)&#xD;
	at com.kms.katalon.core.mobile.keyword.builtin.VerifyElementVisibleKeyword$_verifyElementVisible_closure1.doCall(VerifyElementVisibleKeyword.groovy:82)&#xD;
	at com.kms.katalon.core.mobile.keyword.builtin.VerifyElementVisibleKeyword$_verifyElementVisible_closure1.call(VerifyElementVisibleKeyword.groovy)&#xD;
	at com.kms.katalon.core.mobile.keyword.internal.MobileKeywordMain.runKeyword(MobileKeywordMain.groovy:21)&#xD;
	at com.kms.katalon.core.mobile.keyword.builtin.VerifyElementVisibleKeyword.verifyElementVisible(VerifyElementVisibleKeyword.groovy:85)&#xD;
	at com.kms.katalon.core.mobile.keyword.builtin.VerifyElementVisibleKeyword.execute(VerifyElementVisibleKeyword.groovy:64)&#xD;
	at com.kms.katalon.core.keyword.internal.KeywordExecutor.executeKeywordForPlatform(KeywordExecutor.groovy:56)&#xD;
	at com.kms.katalon.core.mobile.keyword.MobileBuiltInKeywords.verifyElementVisible(MobileBuiltInKeywords.groovy:932)&#xD;
	at com.kms.katalon.core.mobile.keyword.MobileBuiltInKeywords$verifyElementVisible$1.call(Unknown Source)&#xD;
	at TC01 - Register New Account.run(TC01 - Register New Account:85)&#xD;
	at com.kms.katalon.core.main.ScriptEngine.run(ScriptEngine.java:194)&#xD;
	at com.kms.katalon.core.main.ScriptEngine.runScriptAsRawText(ScriptEngine.java:119)&#xD;
	at com.kms.katalon.core.main.TestCaseExecutor.runScript(TestCaseExecutor.java:337)&#xD;
	at com.kms.katalon.core.main.TestCaseExecutor.doExecute(TestCaseExecutor.java:328)&#xD;
	at com.kms.katalon.core.main.TestCaseExecutor.processExecutionPhase(TestCaseExecutor.java:307)&#xD;
	at com.kms.katalon.core.main.TestCaseExecutor.accessMainPhase(TestCaseExecutor.java:299)&#xD;
	at com.kms.katalon.core.main.TestCaseExecutor.execute(TestCaseExecutor.java:233)&#xD;
	at com.kms.katalon.core.main.TestSuiteExecutor.accessTestCaseMainPhase(TestSuiteExecutor.java:169)&#xD;
	at com.kms.katalon.core.main.TestSuiteExecutor.accessTestSuiteMainPhase(TestSuiteExecutor.java:142)&#xD;
	at com.kms.katalon.core.main.TestSuiteExecutor.execute(TestSuiteExecutor.java:91)&#xD;
	at com.kms.katalon.core.main.TestCaseMain.startTestSuite(TestCaseMain.java:157)&#xD;
	at com.kms.katalon.core.main.TestCaseMain$startTestSuite$0.call(Unknown Source)&#xD;
	at TempTestSuite1581822930133.run(TempTestSuite1581822930133.groovy:35)&#xD;
)&#xD;
[[ATTACHMENT|C:\\Users\\Fhadel Fadillah\\Katalon Studio\\AssesmentHCI\\Reports\\20200216_101530\\Register New Account\\20200216_101530\\1581823156180.png]]</system-out>
            <system-err>2020-02-16 10:15:34 - [TEST_CASE][FAILED] - Test Cases/TC01 - Register New Account: Test Cases/TC01 - Register New Account FAILED.
Reason:
com.kms.katalon.core.exception.StepFailedException: Element 'Object Repository/HomePage/HomePage_ImageLogoHCI' not found&#xD;
	at com.kms.katalon.core.keyword.internal.KeywordMain.stepFailed(KeywordMain.groovy:50)&#xD;
	at com.kms.katalon.core.mobile.keyword.internal.MobileKeywordMain.stepFailed(MobileKeywordMain.groovy:40)&#xD;
	at com.kms.katalon.core.mobile.keyword.builtin.VerifyElementVisibleKeyword$_verifyElementVisible_closure1.doCall(VerifyElementVisibleKeyword.groovy:82)&#xD;
	at com.kms.katalon.core.mobile.keyword.builtin.VerifyElementVisibleKeyword$_verifyElementVisible_closure1.call(VerifyElementVisibleKeyword.groovy)&#xD;
	at com.kms.katalon.core.mobile.keyword.internal.MobileKeywordMain.runKeyword(MobileKeywordMain.groovy:21)&#xD;
	at com.kms.katalon.core.mobile.keyword.builtin.VerifyElementVisibleKeyword.verifyElementVisible(VerifyElementVisibleKeyword.groovy:85)&#xD;
	at com.kms.katalon.core.mobile.keyword.builtin.VerifyElementVisibleKeyword.execute(VerifyElementVisibleKeyword.groovy:64)&#xD;
	at com.kms.katalon.core.keyword.internal.KeywordExecutor.executeKeywordForPlatform(KeywordExecutor.groovy:56)&#xD;
	at com.kms.katalon.core.mobile.keyword.MobileBuiltInKeywords.verifyElementVisible(MobileBuiltInKeywords.groovy:932)&#xD;
	at com.kms.katalon.core.mobile.keyword.MobileBuiltInKeywords$verifyElementVisible$1.call(Unknown Source)&#xD;
	at TC01 - Register New Account.run(TC01 - Register New Account:85)&#xD;
	at com.kms.katalon.core.main.ScriptEngine.run(ScriptEngine.java:194)&#xD;
	at com.kms.katalon.core.main.ScriptEngine.runScriptAsRawText(ScriptEngine.java:119)&#xD;
	at com.kms.katalon.core.main.TestCaseExecutor.runScript(TestCaseExecutor.java:337)&#xD;
	at com.kms.katalon.core.main.TestCaseExecutor.doExecute(TestCaseExecutor.java:328)&#xD;
	at com.kms.katalon.core.main.TestCaseExecutor.processExecutionPhase(TestCaseExecutor.java:307)&#xD;
	at com.kms.katalon.core.main.TestCaseExecutor.accessMainPhase(TestCaseExecutor.java:299)&#xD;
	at com.kms.katalon.core.main.TestCaseExecutor.execute(TestCaseExecutor.java:233)&#xD;
	at com.kms.katalon.core.main.TestSuiteExecutor.accessTestCaseMainPhase(TestSuiteExecutor.java:169)&#xD;
	at com.kms.katalon.core.main.TestSuiteExecutor.accessTestSuiteMainPhase(TestSuiteExecutor.java:142)&#xD;
	at com.kms.katalon.core.main.TestSuiteExecutor.execute(TestSuiteExecutor.java:91)&#xD;
	at com.kms.katalon.core.main.TestCaseMain.startTestSuite(TestCaseMain.java:157)&#xD;
	at com.kms.katalon.core.main.TestCaseMain$startTestSuite$0.call(Unknown Source)&#xD;
	at TempTestSuite1581822930133.run(TempTestSuite1581822930133.groovy:35)</system-err>
        </testcase>
        <system-out>2020-02-16 10:15:34 - [TEST_SUITE][INCOMPLETE] - Register New Account: null</system-out>
        <system-err>2020-02-16 10:15:34 - [TEST_SUITE][INCOMPLETE] - Register New Account: null</system-err>
    </testsuite>
</testsuites>
